<?xml version="1.0" encoding="UTF-8"?>
<!-- Generated by org.testng.reporters.JUnitXMLReporter -->
<testsuite ignored="0" hostname="Steves-MacBook-Pro.local" failures="0" tests="7" name="OnlineCalculatorTests" time="75.141" errors="0" timestamp="2022-10-15T23:16:03 EAT">
  <testcase classname="onlinecalculator.Multiplication" name="Multiplication" time="9.776"/>
  <testcase classname="onlinecalculator.Addition" name="Addition" time="5.376"/>
  <testcase classname="onlinecalculator.Division" name="Divison" time="11.635"/>
  <testcase classname="onlinecalculator.Subtraction" name="Subtraction" time="10.441"/>
  <testcase classname="onlinecalculator.ClearButton" name="ClearButton" time="10.921"/>
  <testcase classname="onlinecalculator.NegativeValues" name="NegativeValues" time="17.958"/>
  <testcase classname="onlinecalculator.DivideByZero" name="DivideByZero" time="9.009"/>
</testsuite> <!-- OnlineCalculatorTests -->
