<?xml version="1.0" encoding="UTF-8"?>
<!-- Generated by org.testng.reporters.JUnitXMLReporter -->
<testsuite ignored="0" hostname="Steves-MacBook-Pro.local" failures="0" tests="7" name="OnlineCalculatorTests" time="52.567" errors="0" timestamp="2022-10-16T14:18:45 EAT">
  <testcase classname="onlinecalculator.Multiplication" name="Multiplication" time="8.773"/>
  <testcase classname="onlinecalculator.Addition" name="Addition" time="5.454"/>
  <testcase classname="onlinecalculator.Division" name="Divison" time="10.86"/>
  <testcase classname="onlinecalculator.Subtraction" name="Subtraction" time="5.366"/>
  <testcase classname="onlinecalculator.ClearButton" name="ClearButton" time="5.168"/>
  <testcase classname="onlinecalculator.NegativeValues" name="NegativeValues" time="6.184"/>
  <testcase classname="onlinecalculator.DivideByZero" name="DivideByZero" time="10.737"/>
</testsuite> <!-- OnlineCalculatorTests -->
