<?xml version="1.0" encoding="UTF-8"?>
<testng-results ignored="0" total="8" passed="8" failed="0" skipped="0">
  <reporter-output>
  </reporter-output>
  <suite started-at="2022-11-08T19:13:23 EAT" name="OnlineCalculatorSuite" finished-at="2022-11-08T19:16:54 EAT" duration-ms="211206">
    <groups>
    </groups>
    <test started-at="2022-11-08T19:13:23 EAT" name="OnlineCalculatorTests" finished-at="2022-11-08T19:16:54 EAT" duration-ms="211206">
      <class name="onlinecalculator.Addition">
        <test-method signature="Addition()[pri:0, instance:onlinecalculator.Addition@7a419da4]" started-at="2022-11-08T19:14:47 EAT" name="Addition" finished-at="2022-11-08T19:14:53 EAT" duration-ms="5984" status="PASS">
          <reporter-output>
          </reporter-output>
        </test-method> <!-- Addition -->
      </class> <!-- onlinecalculator.Addition -->
      <class name="onlinecalculator.ClearButton">
        <test-method signature="ClearButton()[pri:0, instance:onlinecalculator.ClearButton@759d26fb]" started-at="2022-11-08T19:15:29 EAT" name="ClearButton" finished-at="2022-11-08T19:16:00 EAT" duration-ms="30927" status="PASS">
          <reporter-output>
          </reporter-output>
        </test-method> <!-- ClearButton -->
      </class> <!-- onlinecalculator.ClearButton -->
      <class name="onlinecalculator.NegativeValues">
        <test-method signature="NegativeValues()[pri:0, instance:onlinecalculator.NegativeValues@3c73951]" started-at="2022-11-08T19:16:00 EAT" name="NegativeValues" finished-at="2022-11-08T19:16:07 EAT" duration-ms="7473" status="PASS">
          <reporter-output>
          </reporter-output>
        </test-method> <!-- NegativeValues -->
      </class> <!-- onlinecalculator.NegativeValues -->
      <class name="onlinecalculator.Division">
        <test-method signature="Divison()[pri:0, instance:onlinecalculator.Division@14555e0a]" started-at="2022-11-08T19:14:53 EAT" name="Divison" finished-at="2022-11-08T19:15:23 EAT" duration-ms="29945" status="PASS">
          <reporter-output>
          </reporter-output>
        </test-method> <!-- Divison -->
      </class> <!-- onlinecalculator.Division -->
      <class name="onlinecalculator.AdditionMultiplication">
        <test-method signature="AdditionMultiplication()[pri:0, instance:onlinecalculator.AdditionMultiplication@6f46426d]" started-at="2022-11-08T19:16:46 EAT" name="AdditionMultiplication" finished-at="2022-11-08T19:16:54 EAT" duration-ms="8319" status="PASS">
          <reporter-output>
          </reporter-output>
        </test-method> <!-- AdditionMultiplication -->
      </class> <!-- onlinecalculator.AdditionMultiplication -->
      <class name="onlinecalculator.DivideByZero">
        <test-method signature="DivideByZero()[pri:0, instance:onlinecalculator.DivideByZero@3d5c822d]" started-at="2022-11-08T19:16:07 EAT" name="DivideByZero" finished-at="2022-11-08T19:16:46 EAT" duration-ms="38545" status="PASS">
          <reporter-output>
          </reporter-output>
        </test-method> <!-- DivideByZero -->
      </class> <!-- onlinecalculator.DivideByZero -->
      <class name="onlinecalculator.Subtraction">
        <test-method signature="Subtraction()[pri:0, instance:onlinecalculator.Subtraction@4bb33f74]" started-at="2022-11-08T19:15:23 EAT" name="Subtraction" finished-at="2022-11-08T19:15:29 EAT" duration-ms="6073" status="PASS">
          <reporter-output>
          </reporter-output>
        </test-method> <!-- Subtraction -->
      </class> <!-- onlinecalculator.Subtraction -->
      <class name="onlinecalculator.Multiplication">
        <test-method signature="Multiplication()[pri:0, instance:onlinecalculator.Multiplication@29d89d5d]" started-at="2022-11-08T19:13:23 EAT" name="Multiplication" finished-at="2022-11-08T19:14:47 EAT" duration-ms="83909" status="PASS">
          <reporter-output>
          </reporter-output>
        </test-method> <!-- Multiplication -->
      </class> <!-- onlinecalculator.Multiplication -->
    </test> <!-- OnlineCalculatorTests -->
  </suite> <!-- OnlineCalculatorSuite -->
</testng-results>
