<?xml version="1.0" encoding="UTF-8"?>
<!-- Generated by org.testng.reporters.JUnitXMLReporter -->
<testsuite ignored="0" hostname="Steves-MacBook-Pro.local" failures="0" tests="8" name="OnlineCalculatorTests" time="211.206" errors="0" timestamp="2022-11-08T19:16:54 EAT">
  <testcase classname="onlinecalculator.Multiplication" name="Multiplication" time="83.909"/>
  <testcase classname="onlinecalculator.Addition" name="Addition" time="5.984"/>
  <testcase classname="onlinecalculator.Division" name="Divison" time="29.945"/>
  <testcase classname="onlinecalculator.Subtraction" name="Subtraction" time="6.073"/>
  <testcase classname="onlinecalculator.ClearButton" name="ClearButton" time="30.927"/>
  <testcase classname="onlinecalculator.NegativeValues" name="NegativeValues" time="7.473"/>
  <testcase classname="onlinecalculator.DivideByZero" name="DivideByZero" time="38.545"/>
  <testcase classname="onlinecalculator.AdditionMultiplication" name="AdditionMultiplication" time="8.319"/>
</testsuite> <!-- OnlineCalculatorTests -->
