<?xml version="1.0" encoding="UTF-8"?>
<testng-results ignored="0" total="1" passed="1" failed="0" skipped="0">
  <reporter-output>
  </reporter-output>
  <suite started-at="2022-11-10T14:02:46 EAT" name="Default suite" finished-at="2022-11-10T14:03:14 EAT" duration-ms="28544">
    <groups>
    </groups>
    <test started-at="2022-11-10T14:02:46 EAT" name="Default test" finished-at="2022-11-10T14:03:14 EAT" duration-ms="28544">
      <class name="onlinecalculator.Addition">
        <test-method signature="Addition()[pri:0, instance:onlinecalculator.Addition@73700b80]" started-at="2022-11-10T14:02:46 EAT" name="Addition" finished-at="2022-11-10T14:03:14 EAT" duration-ms="28524" status="PASS">
          <reporter-output>
          </reporter-output>
        </test-method> <!-- Addition -->
      </class> <!-- onlinecalculator.Addition -->
    </test> <!-- Default test -->
  </suite> <!-- Default suite -->
</testng-results>
